<?xml version="1.0" encoding="UTF-8"?>
<testng-results ignored="0" total="1" passed="1" failed="0" skipped="0">
  <reporter-output>
  </reporter-output>
  <suite started-at="2020-11-16T00:12:14 CST" name="Surefire suite" finished-at="2020-11-16T00:12:15 CST" duration-ms="52">
    <groups>
    </groups>
    <test started-at="2020-11-16T00:12:14 CST" name="Surefire test" finished-at="2020-11-16T00:12:15 CST" duration-ms="52">
      <class name="SeleniumTest.MavenJava.AppTest">
        <test-method signature="shouldAnswerWithTrue()" started-at="2020-11-16T00:12:14 CST" name="shouldAnswerWithTrue" finished-at="2020-11-16T00:12:15 CST" duration-ms="11" status="PASS">
          <reporter-output>
          </reporter-output>
        </test-method> <!-- shouldAnswerWithTrue -->
      </class> <!-- SeleniumTest.MavenJava.AppTest -->
    </test> <!-- Surefire test -->
  </suite> <!-- Surefire suite -->
</testng-results>
