<?xml version="1.0" encoding="UTF-8"?>
<!-- Generated by org.testng.reporters.JUnitXMLReporter -->
<testsuite ignored="0" hostname="DESKTOP-NIGOF7R" failures="0" tests="6" name="Surefire test" time="0.035" errors="0" timestamp="2020-11-16T00:12:14 CST">
  <testcase classname="SeleniumTest.MavenJava.AppiumTest" name="IOSApps" time="0.003"/>
  <testcase classname="SeleniumTest.MavenJava.AppiumTest" name="NativeAppAndroid" time="0.0"/>
  <testcase classname="SeleniumTest.MavenJava.RestApiTest" name="postjira" time="0.0"/>
  <testcase classname="SeleniumTest.MavenJava.RestApiTest" name="twitterDelete" time="0.0"/>
  <testcase classname="SeleniumTest.MavenJava.SeleniumTest" name="browserAutomation" time="0.0"/>
  <testcase classname="SeleniumTest.MavenJava.SeleniumTest" name="elementsUI" time="0.0"/>
</testsuite> <!-- Surefire test -->
