<?xml version="1.0" encoding="UTF-8"?>
<testng-results ignored="0" total="6" passed="6" failed="0" skipped="0">
  <reporter-output>
  </reporter-output>
  <suite started-at="2020-11-16T00:12:14 CST" name="Surefire suite" finished-at="2020-11-16T00:12:14 CST" duration-ms="35">
    <groups>
    </groups>
    <test started-at="2020-11-16T00:12:14 CST" name="Surefire test" finished-at="2020-11-16T00:12:14 CST" duration-ms="35">
      <class name="SeleniumTest.MavenJava.SeleniumTest">
        <test-method signature="browserAutomation()[pri:0, instance:SeleniumTest.MavenJava.SeleniumTest@6a6cb05c]" started-at="2020-11-16T00:12:14 CST" name="browserAutomation" finished-at="2020-11-16T00:12:14 CST" duration-ms="0" status="PASS">
          <reporter-output>
          </reporter-output>
        </test-method> <!-- browserAutomation -->
        <test-method signature="elementsUI()[pri:0, instance:SeleniumTest.MavenJava.SeleniumTest@6a6cb05c]" started-at="2020-11-16T00:12:14 CST" name="elementsUI" finished-at="2020-11-16T00:12:14 CST" duration-ms="0" status="PASS">
          <reporter-output>
          </reporter-output>
        </test-method> <!-- elementsUI -->
      </class> <!-- SeleniumTest.MavenJava.SeleniumTest -->
      <class name="SeleniumTest.MavenJava.RestApiTest">
        <test-method signature="postjira()[pri:0, instance:SeleniumTest.MavenJava.RestApiTest@702657cc]" started-at="2020-11-16T00:12:14 CST" name="postjira" finished-at="2020-11-16T00:12:14 CST" duration-ms="0" status="PASS">
          <reporter-output>
          </reporter-output>
        </test-method> <!-- postjira -->
        <test-method signature="twitterDelete()[pri:0, instance:SeleniumTest.MavenJava.RestApiTest@702657cc]" started-at="2020-11-16T00:12:14 CST" name="twitterDelete" finished-at="2020-11-16T00:12:14 CST" duration-ms="0" status="PASS">
          <reporter-output>
          </reporter-output>
        </test-method> <!-- twitterDelete -->
      </class> <!-- SeleniumTest.MavenJava.RestApiTest -->
      <class name="SeleniumTest.MavenJava.AppiumTest">
        <test-method signature="IOSApps()[pri:0, instance:SeleniumTest.MavenJava.AppiumTest@43bc63a3]" started-at="2020-11-16T00:12:14 CST" name="IOSApps" finished-at="2020-11-16T00:12:14 CST" duration-ms="3" status="PASS">
          <reporter-output>
          </reporter-output>
        </test-method> <!-- IOSApps -->
        <test-method signature="NativeAppAndroid()[pri:0, instance:SeleniumTest.MavenJava.AppiumTest@43bc63a3]" started-at="2020-11-16T00:12:14 CST" name="NativeAppAndroid" finished-at="2020-11-16T00:12:14 CST" duration-ms="0" status="PASS">
          <reporter-output>
          </reporter-output>
        </test-method> <!-- NativeAppAndroid -->
      </class> <!-- SeleniumTest.MavenJava.AppiumTest -->
    </test> <!-- Surefire test -->
  </suite> <!-- Surefire suite -->
</testng-results>
