<?xml version="1.0" encoding="UTF-8"?>
<!-- Generated by org.testng.reporters.JUnitXMLReporter -->
<testsuite ignored="0" hostname="DESKTOP-NIGOF7R" failures="0" tests="5" name="Test" time="0.037" errors="0" timestamp="2020-11-16T23:28:02 CST">
  <testcase classname="SeleniumTest.MavenJava.RestApiTest" name="postjira" time="0.003"/>
  <testcase classname="SeleniumTest.MavenJava.RestApiTest" name="twitterDelete" time="0.001"/>
  <testcase classname="SeleniumTest.MavenJava.SeleniumTest" name="browserAutomation" time="0.0"/>
  <testcase classname="SeleniumTest.MavenJava.AppiumTest" name="IOSApps" time="0.001"/>
  <testcase classname="SeleniumTest.MavenJava.AppiumTest" name="NativeAppAndroid" time="0.0"/>
</testsuite> <!-- Test -->
