<?xml version="1.0" encoding="UTF-8"?>
<testng-results ignored="0" total="5" passed="5" failed="0" skipped="0">
  <reporter-output>
  </reporter-output>
  <suite started-at="2020-11-16T23:28:02 CST" name="Suite" finished-at="2020-11-16T23:28:02 CST" duration-ms="37">
    <groups>
    </groups>
    <test started-at="2020-11-16T23:28:02 CST" name="Test" finished-at="2020-11-16T23:28:02 CST" duration-ms="37">
      <class name="SeleniumTest.MavenJava.SeleniumTest">
        <test-method signature="browserAutomation()[pri:0, instance:SeleniumTest.MavenJava.SeleniumTest@740773a3]" started-at="2020-11-16T23:28:02 CST" name="browserAutomation" finished-at="2020-11-16T23:28:02 CST" duration-ms="0" status="PASS">
          <reporter-output>
          </reporter-output>
        </test-method> <!-- browserAutomation -->
      </class> <!-- SeleniumTest.MavenJava.SeleniumTest -->
      <class name="SeleniumTest.MavenJava.AppiumTest">
        <test-method signature="IOSApps()[pri:0, instance:SeleniumTest.MavenJava.AppiumTest@37f1104d]" started-at="2020-11-16T23:28:02 CST" name="IOSApps" finished-at="2020-11-16T23:28:02 CST" duration-ms="1" status="PASS">
          <reporter-output>
          </reporter-output>
        </test-method> <!-- IOSApps -->
        <test-method signature="NativeAppAndroid()[pri:0, instance:SeleniumTest.MavenJava.AppiumTest@37f1104d]" started-at="2020-11-16T23:28:02 CST" name="NativeAppAndroid" finished-at="2020-11-16T23:28:02 CST" duration-ms="0" status="PASS">
          <reporter-output>
          </reporter-output>
        </test-method> <!-- NativeAppAndroid -->
      </class> <!-- SeleniumTest.MavenJava.AppiumTest -->
      <class name="SeleniumTest.MavenJava.RestApiTest">
        <test-method signature="postjira()[pri:0, instance:SeleniumTest.MavenJava.RestApiTest@7748410a]" started-at="2020-11-16T23:28:02 CST" name="postjira" finished-at="2020-11-16T23:28:02 CST" duration-ms="3" status="PASS">
          <reporter-output>
          </reporter-output>
        </test-method> <!-- postjira -->
        <test-method signature="twitterDelete()[pri:0, instance:SeleniumTest.MavenJava.RestApiTest@7748410a]" started-at="2020-11-16T23:28:02 CST" name="twitterDelete" finished-at="2020-11-16T23:28:02 CST" duration-ms="1" status="PASS">
          <reporter-output>
          </reporter-output>
        </test-method> <!-- twitterDelete -->
      </class> <!-- SeleniumTest.MavenJava.RestApiTest -->
    </test> <!-- Test -->
  </suite> <!-- Suite -->
</testng-results>
